<?xml version="1.0" encoding="UTF-8"?>
<!-- Generated by org.testng.reporters.JUnitReportReporter -->
<testsuite skipped="0" hostname="LT-23487" name="scripts.TestScripts" tests="3" failures="0" timestamp="20 Jun 2019 04:42:23 GMT" time="63.028" errors="0">
  <testcase name="DeleteEmp" time="29.773" classname="scripts.TestScripts"/>
  <testcase name="SortEmployeeList" time="15.377" classname="scripts.TestScripts"/>
  <testcase name="TestAddEmployee" time="17.878" classname="scripts.TestScripts"/>
</testsuite> <!-- scripts.TestScripts -->
